<?xml version="1.0" encoding="UTF-8"?>
<!-- Generated by org.testng.reporters.JUnitReportReporter -->
<testsuite skipped="0" hostname="DESKTOP-JRRFFRB" name="testRunner.Runner1" tests="1" failures="0" timestamp="04 Feb 2022 07:34:15 GMT" time="120.114" errors="0">
  <testcase name="feature" time="120.114" classname="testRunner.Runner1"/>
</testsuite> <!-- testRunner.Runner1 -->
