<?xml version="1.0" encoding="UTF-8"?>
<!-- Generated by org.testng.reporters.JUnitReportReporter -->
<testsuite skipped="0" hostname="DESKTOP-JRRFFRB" name="testRunner.Runner" tests="1" failures="0" timestamp="04 Feb 2022 06:44:56 GMT" time="9.185" errors="0">
  <testcase name="feature" time="9.185" classname="testRunner.Runner"/>
</testsuite> <!-- testRunner.Runner -->
